[2025-03-18 12:40:52] staging.ERROR: Please provide a valid cache path. {"exception":"[object] (InvalidArgumentException(code: 0): Please provide a valid cache path. at /home/xplicit/public_html/staging/vendor/laravel/framework/src/Illuminate/View/Compilers/Compiler.php:66)
[stacktrace]
#0 /home/xplicit/public_html/staging/vendor/laravel/framework/src/Illuminate/View/ViewServiceProvider.php(101): Illuminate\\View\\Compilers\\Compiler->__construct(Object(Illuminate\\Filesystem\\Filesystem), false, '', true, 'php')
#1 /home/xplicit/public_html/staging/vendor/laravel/framework/src/Illuminate/Container/Container.php(885): Illuminate\\View\\ViewServiceProvider->Illuminate\\View\\{closure}(Object(Illuminate\\Foundation\\Application), Array)
#2 /home/xplicit/public_html/staging/vendor/laravel/framework/src/Illuminate/Container/Container.php(770): Illuminate\\Container\\Container->build(Object(Closure))
#3 /home/xplicit/public_html/staging/vendor/laravel/framework/src/Illuminate/Foundation/Application.php(856): Illuminate\\Container\\Container->resolve('blade.compiler', Array, true)
#4 /home/xplicit/public_html/staging/vendor/laravel/framework/src/Illuminate/Container/Container.php(706): Illuminate\\Foundation\\Application->resolve('blade.compiler', Array)
#5 /home/xplicit/public_html/staging/vendor/laravel/framework/src/Illuminate/Foundation/Application.php(841): Illuminate\\Container\\Container->make('blade.compiler', Array)
#6 /home/xplicit/public_html/staging/vendor/laravel/framework/src/Illuminate/Container/Container.php(1431): Illuminate\\Foundation\\Application->make('blade.compiler')
#7 /home/xplicit/public_html/staging/vendor/laravel/framework/src/Illuminate/Support/Facades/Facade.php(222): Illuminate\\Container\\Container->offsetGet('blade.compiler')
#8 /home/xplicit/public_html/staging/vendor/laravel/framework/src/Illuminate/Support/Facades/Facade.php(193): Illuminate\\Support\\Facades\\Facade::resolveFacadeInstance('blade.compiler')
#9 /home/xplicit/public_html/staging/vendor/laravel/framework/src/Illuminate/Support/Facades/Facade.php(332): Illuminate\\Support\\Facades\\Facade::getFacadeRoot()
#10 /home/xplicit/public_html/staging/vendor/arrilot/laravel-widgets/src/ServiceProvider.php(77): Illuminate\\Support\\Facades\\Facade::__callStatic('directive', Array)
#11 /home/xplicit/public_html/staging/vendor/laravel/framework/src/Illuminate/Container/BoundMethod.php(36): Arrilot\\Widgets\\ServiceProvider->boot()
#12 /home/xplicit/public_html/staging/vendor/laravel/framework/src/Illuminate/Container/Util.php(41): Illuminate\\Container\\BoundMethod::Illuminate\\Container\\{closure}()
#13 /home/xplicit/public_html/staging/vendor/laravel/framework/src/Illuminate/Container/BoundMethod.php(93): Illuminate\\Container\\Util::unwrapIfClosure(Object(Closure))
#14 /home/xplicit/public_html/staging/vendor/laravel/framework/src/Illuminate/Container/BoundMethod.php(37): Illuminate\\Container\\BoundMethod::callBoundMethod(Object(Illuminate\\Foundation\\Application), Array, Object(Closure))
#15 /home/xplicit/public_html/staging/vendor/laravel/framework/src/Illuminate/Container/Container.php(661): Illuminate\\Container\\BoundMethod::call(Object(Illuminate\\Foundation\\Application), Array, Array, NULL)
#16 /home/xplicit/public_html/staging/vendor/laravel/framework/src/Illuminate/Foundation/Application.php(929): Illuminate\\Container\\Container->call(Array)
#17 /home/xplicit/public_html/staging/vendor/laravel/framework/src/Illuminate/Foundation/Application.php(910): Illuminate\\Foundation\\Application->bootProvider(Object(Arrilot\\Widgets\\ServiceProvider))
#18 [internal function]: Illuminate\\Foundation\\Application->Illuminate\\Foundation\\{closure}(Object(Arrilot\\Widgets\\ServiceProvider), 16)
#19 /home/xplicit/public_html/staging/vendor/laravel/framework/src/Illuminate/Foundation/Application.php(911): array_walk(Array, Object(Closure))
#20 /home/xplicit/public_html/staging/vendor/laravel/framework/src/Illuminate/Foundation/Bootstrap/BootProviders.php(17): Illuminate\\Foundation\\Application->boot()
#21 /home/xplicit/public_html/staging/vendor/laravel/framework/src/Illuminate/Foundation/Application.php(242): Illuminate\\Foundation\\Bootstrap\\BootProviders->bootstrap(Object(Illuminate\\Foundation\\Application))
#22 /home/xplicit/public_html/staging/vendor/laravel/framework/src/Illuminate/Foundation/Console/Kernel.php(383): Illuminate\\Foundation\\Application->bootstrapWith(Array)
#23 /home/xplicit/public_html/staging/vendor/laravel/framework/src/Illuminate/Foundation/Console/Kernel.php(153): Illuminate\\Foundation\\Console\\Kernel->bootstrap()
#24 /home/xplicit/public_html/staging/artisan(37): Illuminate\\Foundation\\Console\\Kernel->handle(Object(Symfony\\Component\\Console\\Input\\ArgvInput), Object(Symfony\\Component\\Console\\Output\\ConsoleOutput))
#25 {main}
"} 
